<?xml version="1.0" encoding="UTF-8"?>
<testng-results skipped="0" failed="0" ignored="0" total="1" passed="1">
  <reporter-output>
  </reporter-output>
  <suite name="Default suite" duration-ms="41843" started-at="2019-02-25T19:53:18Z" finished-at="2019-02-25T19:54:00Z">
    <groups>
    </groups>
    <test name="Default test" duration-ms="41843" started-at="2019-02-25T19:53:18Z" finished-at="2019-02-25T19:54:00Z">
      <class name="Koustubh.HomePage">
        <test-method status="PASS" signature="basePageNavigation()[pri:0, instance:Koustubh.HomePage@23ceabc1]" name="basePageNavigation" duration-ms="41751" started-at="2019-02-26T01:23:18Z" finished-at="2019-02-26T01:24:00Z">
          <reporter-output>
          </reporter-output>
        </test-method> <!-- basePageNavigation -->
      </class> <!-- Koustubh.HomePage -->
    </test> <!-- Default test -->
  </suite> <!-- Default suite -->
</testng-results>
